情報: Serverのバージョン名:     Apache Tomcat/9.0.87 [木 6月 27 00:19:41 JST 2024]
情報: Server ビルド:            Mar 11 2024 10:12:34 UTC [木 6月 27 00:19:41 JST 2024]
情報: サーバーのバージョン番号: 9.0.87.0 [木 6月 27 00:19:41 JST 2024]
情報: OS 名:                    Windows 11 [木 6月 27 00:19:41 JST 2024]
情報: OS バージョン:            10.0 [木 6月 27 00:19:41 JST 2024]
情報: アーキテクチャ:           amd64 [木 6月 27 00:19:41 JST 2024]
情報: Java Home:                C:\pleiades\2024-03\java\17 [木 6月 27 00:19:41 JST 2024]
情報: JVM バージョン:           17.0.10+7 [木 6月 27 00:19:41 JST 2024]
情報: JVM ベンダ:               Eclipse Adoptium [木 6月 27 00:19:41 JST 2024]
情報: CATALINA_BASE:            C:\Engineers\curriculum\.metadata\.plugins\org.eclipse.wst.server.core\tmp0 [木 6月 27 00:19:41 JST 2024]
情報: CATALINA_HOME:            C:\pleiades\2024-03\tomcat\9 [木 6月 27 00:19:41 JST 2024]
情報: コマンドライン引数:       -Dcatalina.base=C:\Engineers\curriculum\.metadata\.plugins\org.eclipse.wst.server.core\tmp0 [木 6月 27 00:19:41 JST 2024]
情報: コマンドライン引数:       -Dcatalina.home=C:\pleiades\2024-03\tomcat\9 [木 6月 27 00:19:41 JST 2024]
情報: コマンドライン引数:       -Dwtp.deploy=C:\Engineers\curriculum\.metadata\.plugins\org.eclipse.wst.server.core\tmp0\wtpwebapps [木 6月 27 00:19:41 JST 2024]
情報: コマンドライン引数:       --add-opens=java.base/java.lang=ALL-UNNAMED [木 6月 27 00:19:41 JST 2024]
情報: コマンドライン引数:       --add-opens=java.base/java.io=ALL-UNNAMED [木 6月 27 00:19:41 JST 2024]
情報: コマンドライン引数:       --add-opens=java.base/java.util=ALL-UNNAMED [木 6月 27 00:19:41 JST 2024]
情報: コマンドライン引数:       --add-opens=java.base/java.util.concurrent=ALL-UNNAMED [木 6月 27 00:19:41 JST 2024]
情報: コマンドライン引数:       --add-opens=java.rmi/sun.rmi.transport=ALL-UNNAMED [木 6月 27 00:19:41 JST 2024]
情報: コマンドライン引数:       -Dfile.encoding=UTF-8 [木 6月 27 00:19:41 JST 2024]
情報: コマンドライン引数:       -Dstdout.encoding=UTF-8 [木 6月 27 00:19:41 JST 2024]
情報: コマンドライン引数:       -Dstderr.encoding=UTF-8 [木 6月 27 00:19:41 JST 2024]
情報: コマンドライン引数:       -XX:+ShowCodeDetailsInExceptionMessages [木 6月 27 00:19:41 JST 2024]
情報: 商用環境に最適な性能を発揮する APR ベースの Tomcat ネイティブライブラリが java.library.path [C:\pleiades\2024-03\java\17\bin;C:\Windows\Sun\Java\bin;C:\Windows\system32;C:\Windows;C:/pleiades/2024-03/java/21/bin/server;C:/pleiades/2024-03/java/21/bin;C:\Program Files\Common Files\Oracle\Java\javapath;C:\Windows\system32;C:\Windows;C:\Windows\System32\Wbem;C:\Windows\System32\WindowsPowerShell\v1.0\;C:\Windows\System32\OpenSSH\;C:\Program Files (x86)\NVIDIA Corporation\PhysX\Common;C:\Program Files\NVIDIA Corporation\NVIDIA NvDLISR;C:\Program Files\Git\cmd;C:\Users\ryota\AppData\Local\Microsoft\WindowsApps;C:\Users\ryota\AppData\Local\Programs\Microsoft VS Code\bin;C:\Users\ryota\AppData\Local\GitHubDesktop\bin;C:\Program Files\PostgreSQL\16\bin;C:\Program Files\Git\bin;;C:\pleiades\2024-03\eclipse;;.] に存在しません。 [木 6月 27 00:19:41 JST 2024]
情報: プロトコルハンドラ ["http-nio-8080"] を初期化します。 [木 6月 27 00:19:41 JST 2024]
情報: サーバーの初期化 [306] ミリ秒 [木 6月 27 00:19:41 JST 2024]
情報: サービス [Catalina] を起動します [木 6月 27 00:19:41 JST 2024]
情報: サーブレットエンジンの起動：[Apache Tomcat/9.0.87] [木 6月 27 00:19:41 JST 2024]
重大: 子コンテナーを開始できません。 [木 6月 27 00:19:41 JST 2024]
重大: 子コンテナーを開始できません。 [木 6月 27 00:19:41 JST 2024]
重大: 必要なサーバーコンポーネントを開始できないため、Tomcat を開始できませんでした。 [木 6月 27 00:19:41 JST 2024]
情報: ProtocolHandler ["http-nio-8080"] を一時停止します。 [木 6月 27 00:19:41 JST 2024]
情報: サービス [Catalina] を停止します [木 6月 27 00:19:41 JST 2024]
情報: ProtocolHandler ["http-nio-8080"] を破棄します。 [木 6月 27 00:19:41 JST 2024]
